<?xml version="1.0" encoding="UTF-8"?>
<testng-results skipped="0" failed="0" ignored="0" total="1" passed="1">
  <reporter-output>
  </reporter-output>
  <suite name="Default suite" duration-ms="8532" started-at="2020-02-08T01:44:07 CST" finished-at="2020-02-08T01:44:16 CST">
    <groups>
    </groups>
    <test name="Default test" duration-ms="8532" started-at="2020-02-08T01:44:07 CST" finished-at="2020-02-08T01:44:16 CST">
      <class name="testasn1.begainer">
        <test-method status="PASS" signature="openGoogleSite()[pri:0, instance:testasn1.begainer@7dc222ae]" name="openGoogleSite" duration-ms="8503" started-at="2020-02-08T01:44:07 CST" finished-at="2020-02-08T01:44:16 CST">
          <reporter-output>
          </reporter-output>
        </test-method> <!-- openGoogleSite -->
      </class> <!-- testasn1.begainer -->
    </test> <!-- Default test -->
  </suite> <!-- Default suite -->
</testng-results>
